Using pre-set license
Built from '2020.3/staging' branch; Version is '2020.3.8f1 (507919d4fff5) revision 5273881'; Using compiler version '192528614'; Build Type 'Release'
OS: 'Windows 10 Pro; OS build 19043.1055; Version 2009; 64bit' Language: 'pt' Physical Memory: 16315 MB
BatchMode: 1, IsHumanControllingUs: 0, StartBugReporterOnCrash: 0, Is64bit: 1, IsPro: 0

 COMMAND LINE ARGUMENTS:
D:\Programas\Unity\Unity Editor\2020.3.8f1\Editor\Unity.exe
-adb2
-batchMode
-noUpm
-name
AssetImportWorker0
-projectPath
D:/Documentos/GitHub/OsBananeiros-ProjFinal
-logFile
Logs/AssetImportWorker0.log
-srvPort
50055
Successfully changed project path to: D:/Documentos/GitHub/OsBananeiros-ProjFinal
D:/Documentos/GitHub/OsBananeiros-ProjFinal
Using Asset Import Pipeline V2.
Refreshing native plugins compatible for Editor in 21.52 ms, found 0 plugins.
Preloading 0 native plugins for Editor in 0.00 ms.
Initialize engine version: 2020.3.8f1 (507919d4fff5)
[Subsystems] Discovering subsystems at path D:/Programas/Unity/Unity Editor/2020.3.8f1/Editor/Data/Resources/UnitySubsystems
[Subsystems] Discovering subsystems at path D:/Documentos/GitHub/OsBananeiros-ProjFinal/Assets
GfxDevice: creating device client; threaded=0
Direct3D:
    Version:  Direct3D 11.0 [level 11.1]
    Renderer: NVIDIA GeForce GTX 1070 Ti (ID=0x1b82)
    Vendor:   
    VRAM:     8079 MB
    Driver:   27.21.14.6192
Initialize mono
Mono path[0] = 'D:/Programas/Unity/Unity Editor/2020.3.8f1/Editor/Data/Managed'
Mono path[1] = 'D:/Programas/Unity/Unity Editor/2020.3.8f1/Editor/Data/MonoBleedingEdge/lib/mono/unityjit'
Mono config path = 'D:/Programas/Unity/Unity Editor/2020.3.8f1/Editor/Data/MonoBleedingEdge/etc'
Using monoOptions --debugger-agent=transport=dt_socket,embedding=1,server=y,suspend=n,address=127.0.0.1:56184
Begin MonoManager ReloadAssembly
Registering precompiled unity dll's ...
Register platform support module: D:/Programas/Unity/Unity Editor/2020.3.8f1/Editor/Data/PlaybackEngines/WindowsStandaloneSupport/UnityEditor.WindowsStandalone.Extensions.dll
Registered in 0.000924 seconds.
Native extension for WindowsStandalone target not found
Refreshing native plugins compatible for Editor in 25.15 ms, found 0 plugins.
Preloading 0 native plugins for Editor in 0.00 ms.
Mono: successfully reloaded assembly
- Completed reload, in  0.795 seconds
Platform modules already initialized, skipping
Registering precompiled user dll's ...
Registered in 0.000582 seconds.
Begin MonoManager ReloadAssembly
Native extension for WindowsStandalone target not found
Refreshing native plugins compatible for Editor in 0.22 ms, found 0 plugins.
Preloading 0 native plugins for Editor in 0.00 ms.
Mono: successfully reloaded assembly
- Completed reload, in  0.744 seconds
Platform modules already initialized, skipping
========================================================================
Worker process is ready to serve import requests
Launched and connected shader compiler UnityShaderCompiler.exe after 0.03 seconds
Refreshing native plugins compatible for Editor in 0.24 ms, found 0 plugins.
Preloading 0 native plugins for Editor in 0.00 ms.
Unloading 1130 Unused Serialized files (Serialized files now loaded: 0)
System memory in use before: 57.7 MB.
System memory in use after: 57.8 MB.

Unloading 10 unused Assets to reduce memory usage. Loaded Objects now: 1573.
Total: 1.798300 ms (FindLiveObjects: 0.167200 ms CreateObjectMapping: 0.027300 ms MarkObjects: 1.520400 ms  DeleteObjects: 0.081800 ms)

========================================================================
Received Import Request.
  path: Assets/Models/Level1_Objs/drone.fbx
  artifactKey: Guid(36c3a23a451258d4d8d73f207290a73f) Importer(815301076,1909f56bfc062723c751e8b465ee728b)
Start importing Assets/Models/Level1_Objs/drone.fbx using Guid(36c3a23a451258d4d8d73f207290a73f) Importer(815301076,1909f56bfc062723c751e8b465ee728b)  -> (artifact id: '0eb1c1f7721a35a82dddb5a841f016ea') in 0.330799 seconds
  Import took 0.333205 seconds .

========================================================================
Received Import Request.
  Time since last request: 35.899100 seconds.
  path: Assets/Models/Level1_Objs/drone.controller
  artifactKey: Guid(2dafac25789e6904b885b9306b5e8401) Importer(815301076,1909f56bfc062723c751e8b465ee728b)
Start importing Assets/Models/Level1_Objs/drone.controller using Guid(2dafac25789e6904b885b9306b5e8401) Importer(815301076,1909f56bfc062723c751e8b465ee728b)  -> (artifact id: 'ec766af7e01fae61d04ee8a246721dae') in 0.003924 seconds
  Import took 0.005703 seconds .

========================================================================
Received Import Request.
  Time since last request: 0.003291 seconds.
  path: Assets/Models/Level1_Objs/drone.controller
  artifactKey: Guid(2dafac25789e6904b885b9306b5e8401) Importer(815301076,1909f56bfc062723c751e8b465ee728b)
Start importing Assets/Models/Level1_Objs/drone.controller using Guid(2dafac25789e6904b885b9306b5e8401) Importer(815301076,1909f56bfc062723c751e8b465ee728b)  -> (artifact id: 'ec766af7e01fae61d04ee8a246721dae') in 0.001387 seconds
  Import took 0.002668 seconds .

========================================================================
Received Prepare
Registering precompiled user dll's ...
Registered in 0.000440 seconds.
Begin MonoManager ReloadAssembly
Native extension for WindowsStandalone target not found
Refreshing native plugins compatible for Editor in 0.21 ms, found 0 plugins.
Preloading 0 native plugins for Editor in 0.00 ms.
Mono: successfully reloaded assembly
- Completed reload, in  0.602 seconds
Platform modules already initialized, skipping
Refreshing native plugins compatible for Editor in 0.21 ms, found 0 plugins.
Preloading 0 native plugins for Editor in 0.00 ms.
Unloading 1125 Unused Serialized files (Serialized files now loaded: 0)
System memory in use before: 74.7 MB.
System memory in use after: 74.7 MB.

Unloading 5 unused Assets to reduce memory usage. Loaded Objects now: 1620.
Total: 1.534800 ms (FindLiveObjects: 0.140700 ms CreateObjectMapping: 0.030500 ms MarkObjects: 1.318200 ms  DeleteObjects: 0.044300 ms)

========================================================================
Received Import Request.
  Time since last request: 284.503960 seconds.
  path: Assets/Models/Level1_Objs/drone.fbx
  artifactKey: Guid(36c3a23a451258d4d8d73f207290a73f) Importer(815301076,1909f56bfc062723c751e8b465ee728b)
Start importing Assets/Models/Level1_Objs/drone.fbx using Guid(36c3a23a451258d4d8d73f207290a73f) Importer(815301076,1909f56bfc062723c751e8b465ee728b)  -> (artifact id: 'a0373f9816a585b0a6ce85b8b3288e93') in 0.102141 seconds
  Import took 0.104213 seconds .

========================================================================
Received Prepare
Registering precompiled user dll's ...
Registered in 0.000412 seconds.
Begin MonoManager ReloadAssembly
Native extension for WindowsStandalone target not found
Refreshing native plugins compatible for Editor in 0.21 ms, found 0 plugins.
Preloading 0 native plugins for Editor in 0.00 ms.
Mono: successfully reloaded assembly
- Completed reload, in  0.595 seconds
Platform modules already initialized, skipping
Refreshing native plugins compatible for Editor in 0.21 ms, found 0 plugins.
Preloading 0 native plugins for Editor in 0.00 ms.
Unloading 1125 Unused Serialized files (Serialized files now loaded: 0)
System memory in use before: 74.7 MB.
System memory in use after: 74.8 MB.

Unloading 5 unused Assets to reduce memory usage. Loaded Objects now: 1624.
Total: 1.516900 ms (FindLiveObjects: 0.147600 ms CreateObjectMapping: 0.025200 ms MarkObjects: 1.296200 ms  DeleteObjects: 0.046000 ms)

========================================================================
Received Import Request.
  Time since last request: 17.902297 seconds.
  path: Assets/Models/Level1_Objs/drone.fbx
  artifactKey: Guid(36c3a23a451258d4d8d73f207290a73f) Importer(815301076,1909f56bfc062723c751e8b465ee728b)
Start importing Assets/Models/Level1_Objs/drone.fbx using Guid(36c3a23a451258d4d8d73f207290a73f) Importer(815301076,1909f56bfc062723c751e8b465ee728b)  -> (artifact id: '05e55ada66de742f476a64ad6b9648f5') in 0.094085 seconds
  Import took 0.095957 seconds .

========================================================================
Received Prepare
Registering precompiled user dll's ...
Registered in 0.000432 seconds.
Begin MonoManager ReloadAssembly
Native extension for WindowsStandalone target not found
Refreshing native plugins compatible for Editor in 0.21 ms, found 0 plugins.
Preloading 0 native plugins for Editor in 0.00 ms.
Mono: successfully reloaded assembly
- Completed reload, in  0.592 seconds
Platform modules already initialized, skipping
Refreshing native plugins compatible for Editor in 0.20 ms, found 0 plugins.
Preloading 0 native plugins for Editor in 0.00 ms.
Unloading 1125 Unused Serialized files (Serialized files now loaded: 0)
System memory in use before: 74.7 MB.
System memory in use after: 74.8 MB.

Unloading 5 unused Assets to reduce memory usage. Loaded Objects now: 1628.
Total: 1.468000 ms (FindLiveObjects: 0.132800 ms CreateObjectMapping: 0.025800 ms MarkObjects: 1.259300 ms  DeleteObjects: 0.049300 ms)

========================================================================
Received Import Request.
  Time since last request: 205.460970 seconds.
  path: Assets/Scripts/Scenario
  artifactKey: Guid(2e98fcfefc22ef14baf5a4326973f0ca) Importer(815301076,1909f56bfc062723c751e8b465ee728b)
Start importing Assets/Scripts/Scenario using Guid(2e98fcfefc22ef14baf5a4326973f0ca) Importer(815301076,1909f56bfc062723c751e8b465ee728b)  -> (artifact id: '26134c2fff06a8d967e803444e7fbbc4') in 0.009229 seconds
  Import took 0.011134 seconds .

========================================================================
Received Import Request.
  Time since last request: 1.750809 seconds.
  path: Assets/Scripts/Scenario/DroneMovement.cs
  artifactKey: Guid(ca42bcf3f2abfdd41937cb989f464cb3) Importer(815301076,1909f56bfc062723c751e8b465ee728b)
Start importing Assets/Scripts/Scenario/DroneMovement.cs using Guid(ca42bcf3f2abfdd41937cb989f464cb3) Importer(815301076,1909f56bfc062723c751e8b465ee728b)  -> (artifact id: 'f8b02d531435762d57294308c8defc34') in 0.122060 seconds
  Import took 0.123803 seconds .

========================================================================
Received Import Request.
  Time since last request: 160.574774 seconds.
  path: Assets/Scripts/Scenario/PropelerRotation.cs
  artifactKey: Guid(beb1d114e507a0342ac0f9fd6174f1ae) Importer(815301076,1909f56bfc062723c751e8b465ee728b)
Start importing Assets/Scripts/Scenario/PropelerRotation.cs using Guid(beb1d114e507a0342ac0f9fd6174f1ae) Importer(815301076,1909f56bfc062723c751e8b465ee728b)  -> (artifact id: '98196ab04d91ae53f95c88b0b6e9622f') in 0.005522 seconds
  Import took 0.007488 seconds .

========================================================================
Received Import Request.
  Time since last request: 0.000861 seconds.
  path: Assets/Scripts/Scenario/PropelerRotation.cs
  artifactKey: Guid(beb1d114e507a0342ac0f9fd6174f1ae) Importer(815301076,1909f56bfc062723c751e8b465ee728b)
Start importing Assets/Scripts/Scenario/PropelerRotation.cs using Guid(beb1d114e507a0342ac0f9fd6174f1ae) Importer(815301076,1909f56bfc062723c751e8b465ee728b)  -> (artifact id: '98196ab04d91ae53f95c88b0b6e9622f') in 0.001408 seconds
  Import took 0.003093 seconds .

========================================================================
Received Prepare
Registering precompiled user dll's ...
Registered in 0.000336 seconds.
Begin MonoManager ReloadAssembly
Native extension for WindowsStandalone target not found
Refreshing native plugins compatible for Editor in 0.21 ms, found 0 plugins.
Preloading 0 native plugins for Editor in 0.00 ms.
Mono: successfully reloaded assembly
- Completed reload, in  0.590 seconds
Platform modules already initialized, skipping
Refreshing native plugins compatible for Editor in 0.20 ms, found 0 plugins.
Preloading 0 native plugins for Editor in 0.00 ms.
Unloading 1126 Unused Serialized files (Serialized files now loaded: 0)
System memory in use before: 74.8 MB.
System memory in use after: 74.8 MB.

Unloading 5 unused Assets to reduce memory usage. Loaded Objects now: 1632.
Total: 1.481600 ms (FindLiveObjects: 0.119700 ms CreateObjectMapping: 0.025900 ms MarkObjects: 1.288300 ms  DeleteObjects: 0.046800 ms)

========================================================================
Received Prepare
Registering precompiled user dll's ...
Registered in 0.000437 seconds.
Begin MonoManager ReloadAssembly
Native extension for WindowsStandalone target not found
Refreshing native plugins compatible for Editor in 0.22 ms, found 0 plugins.
Preloading 0 native plugins for Editor in 0.00 ms.
Mono: successfully reloaded assembly
- Completed reload, in  0.598 seconds
Platform modules already initialized, skipping
Refreshing native plugins compatible for Editor in 0.21 ms, found 0 plugins.
Preloading 0 native plugins for Editor in 0.00 ms.
Unloading 1126 Unused Serialized files (Serialized files now loaded: 0)
System memory in use before: 74.8 MB.
System memory in use after: 74.9 MB.

Unloading 5 unused Assets to reduce memory usage. Loaded Objects now: 1635.
Total: 1.500000 ms (FindLiveObjects: 0.150700 ms CreateObjectMapping: 0.026700 ms MarkObjects: 1.276600 ms  DeleteObjects: 0.044700 ms)

========================================================================
Received Import Request.
  Time since last request: 79.119084 seconds.
  path: Assets/Scripts/Scenario/PropelerRotation.cs
  artifactKey: Guid(beb1d114e507a0342ac0f9fd6174f1ae) Importer(815301076,1909f56bfc062723c751e8b465ee728b)
Start importing Assets/Scripts/Scenario/PropelerRotation.cs using Guid(beb1d114e507a0342ac0f9fd6174f1ae) Importer(815301076,1909f56bfc062723c751e8b465ee728b)  -> (artifact id: 'd7ffb76a43914307d84ab4c3efe7aed4') in 0.003294 seconds
  Import took 0.005034 seconds .

========================================================================
Received Prepare
Registering precompiled user dll's ...
Registered in 0.000417 seconds.
Begin MonoManager ReloadAssembly
Native extension for WindowsStandalone target not found
Refreshing native plugins compatible for Editor in 0.21 ms, found 0 plugins.
Preloading 0 native plugins for Editor in 0.00 ms.
Mono: successfully reloaded assembly
- Completed reload, in  0.597 seconds
Platform modules already initialized, skipping
Refreshing native plugins compatible for Editor in 0.24 ms, found 0 plugins.
Preloading 0 native plugins for Editor in 0.00 ms.
Unloading 1126 Unused Serialized files (Serialized files now loaded: 0)
System memory in use before: 74.8 MB.
System memory in use after: 74.9 MB.

Unloading 5 unused Assets to reduce memory usage. Loaded Objects now: 1638.
Total: 1.518400 ms (FindLiveObjects: 0.142100 ms CreateObjectMapping: 0.025700 ms MarkObjects: 1.302000 ms  DeleteObjects: 0.047500 ms)

========================================================================
Received Prepare
Registering precompiled user dll's ...
Registered in 0.000385 seconds.
Begin MonoManager ReloadAssembly
Native extension for WindowsStandalone target not found
Refreshing native plugins compatible for Editor in 0.30 ms, found 0 plugins.
Preloading 0 native plugins for Editor in 0.00 ms.
Mono: successfully reloaded assembly
- Completed reload, in  0.689 seconds
Platform modules already initialized, skipping
Refreshing native plugins compatible for Editor in 0.24 ms, found 0 plugins.
Preloading 0 native plugins for Editor in 0.00 ms.
Unloading 1126 Unused Serialized files (Serialized files now loaded: 0)
System memory in use before: 74.8 MB.
System memory in use after: 74.9 MB.

Unloading 5 unused Assets to reduce memory usage. Loaded Objects now: 1641.
Total: 1.579400 ms (FindLiveObjects: 0.185600 ms CreateObjectMapping: 0.064400 ms MarkObjects: 1.281000 ms  DeleteObjects: 0.047000 ms)

========================================================================
Received Prepare
Registering precompiled user dll's ...
Registered in 0.000452 seconds.
Begin MonoManager ReloadAssembly
Native extension for WindowsStandalone target not found
Refreshing native plugins compatible for Editor in 0.22 ms, found 0 plugins.
Preloading 0 native plugins for Editor in 0.00 ms.
Mono: successfully reloaded assembly
- Completed reload, in  0.597 seconds
Platform modules already initialized, skipping
Refreshing native plugins compatible for Editor in 0.21 ms, found 0 plugins.
Preloading 0 native plugins for Editor in 0.00 ms.
Unloading 1126 Unused Serialized files (Serialized files now loaded: 0)
System memory in use before: 74.8 MB.
System memory in use after: 74.9 MB.

Unloading 5 unused Assets to reduce memory usage. Loaded Objects now: 1644.
Total: 1.638300 ms (FindLiveObjects: 0.137200 ms CreateObjectMapping: 0.027700 ms MarkObjects: 1.424300 ms  DeleteObjects: 0.048200 ms)

========================================================================
Received Prepare
Registering precompiled user dll's ...
Registered in 0.000386 seconds.
Begin MonoManager ReloadAssembly
Native extension for WindowsStandalone target not found
Refreshing native plugins compatible for Editor in 0.21 ms, found 0 plugins.
Preloading 0 native plugins for Editor in 0.00 ms.
Mono: successfully reloaded assembly
- Completed reload, in  0.593 seconds
Platform modules already initialized, skipping
Refreshing native plugins compatible for Editor in 0.21 ms, found 0 plugins.
Preloading 0 native plugins for Editor in 0.00 ms.
Unloading 1126 Unused Serialized files (Serialized files now loaded: 0)
System memory in use before: 74.8 MB.
System memory in use after: 74.9 MB.

Unloading 5 unused Assets to reduce memory usage. Loaded Objects now: 1647.
Total: 1.434900 ms (FindLiveObjects: 0.177700 ms CreateObjectMapping: 0.032000 ms MarkObjects: 1.182200 ms  DeleteObjects: 0.042200 ms)

========================================================================
Received Prepare
Registering precompiled user dll's ...
Registered in 0.000415 seconds.
Begin MonoManager ReloadAssembly
Native extension for WindowsStandalone target not found
Refreshing native plugins compatible for Editor in 0.21 ms, found 0 plugins.
Preloading 0 native plugins for Editor in 0.00 ms.
Mono: successfully reloaded assembly
- Completed reload, in  0.601 seconds
Platform modules already initialized, skipping
Refreshing native plugins compatible for Editor in 0.20 ms, found 0 plugins.
Preloading 0 native plugins for Editor in 0.00 ms.
Unloading 1126 Unused Serialized files (Serialized files now loaded: 0)
System memory in use before: 74.8 MB.
System memory in use after: 74.9 MB.

Unloading 5 unused Assets to reduce memory usage. Loaded Objects now: 1650.
Total: 1.539600 ms (FindLiveObjects: 0.137400 ms CreateObjectMapping: 0.027700 ms MarkObjects: 1.321200 ms  DeleteObjects: 0.052500 ms)

========================================================================
Received Prepare
Registering precompiled user dll's ...
Registered in 0.000399 seconds.
Begin MonoManager ReloadAssembly
Native extension for WindowsStandalone target not found
Refreshing native plugins compatible for Editor in 0.21 ms, found 0 plugins.
Preloading 0 native plugins for Editor in 0.00 ms.
Mono: successfully reloaded assembly
- Completed reload, in  0.588 seconds
Platform modules already initialized, skipping
Refreshing native plugins compatible for Editor in 0.24 ms, found 0 plugins.
Preloading 0 native plugins for Editor in 0.00 ms.
Unloading 1126 Unused Serialized files (Serialized files now loaded: 0)
System memory in use before: 74.8 MB.
System memory in use after: 74.9 MB.

Unloading 5 unused Assets to reduce memory usage. Loaded Objects now: 1653.
Total: 1.370600 ms (FindLiveObjects: 0.127900 ms CreateObjectMapping: 0.026300 ms MarkObjects: 1.173200 ms  DeleteObjects: 0.042000 ms)

========================================================================
Received Import Request.
  Time since last request: 598.760126 seconds.
  path: Assets/Models/Level1_Objs/mat_bequer.mat
  artifactKey: Guid(c379ba7ed9eab344a9e36a3c4fe273b4) Importer(815301076,1909f56bfc062723c751e8b465ee728b)
Start importing Assets/Models/Level1_Objs/mat_bequer.mat using Guid(c379ba7ed9eab344a9e36a3c4fe273b4) Importer(815301076,1909f56bfc062723c751e8b465ee728b)  -> (artifact id: '7a719e1a08999a5115e4c9a25a53e8bc') in 0.072165 seconds
  Import took 0.074041 seconds .

========================================================================
Received Import Request.
  Time since last request: 6.741796 seconds.
  path: Assets/Models/Level1_Objs/mat_acid.mat
  artifactKey: Guid(e0ba7eeb9a593c844b001b0694cdf7f5) Importer(815301076,1909f56bfc062723c751e8b465ee728b)
Start importing Assets/Models/Level1_Objs/mat_acid.mat using Guid(e0ba7eeb9a593c844b001b0694cdf7f5) Importer(815301076,1909f56bfc062723c751e8b465ee728b)  -> (artifact id: '14b10493e1ab71a6116af04e037e2683') in 0.012555 seconds
  Import took 0.014766 seconds .

========================================================================
Received Import Request.
  Time since last request: 222.085531 seconds.
  path: Assets/Models/Level1_Objs/mat_becker.mat
  artifactKey: Guid(c379ba7ed9eab344a9e36a3c4fe273b4) Importer(815301076,1909f56bfc062723c751e8b465ee728b)
Start importing Assets/Models/Level1_Objs/mat_becker.mat using Guid(c379ba7ed9eab344a9e36a3c4fe273b4) Importer(815301076,1909f56bfc062723c751e8b465ee728b)  -> (artifact id: '9aad85c53b3744bbad26cf981630c3e6') in 0.011128 seconds
  Import took 0.013322 seconds .

========================================================================
Received Import Request.
  Time since last request: 54.784641 seconds.
  path: Assets/Models/ProjKarting/Grill.jpg
  artifactKey: Guid(06ad0348f44da714f8e0c8a1c66ec374) Importer(815301076,1909f56bfc062723c751e8b465ee728b)
Start importing Assets/Models/ProjKarting/Grill.jpg using Guid(06ad0348f44da714f8e0c8a1c66ec374) Importer(815301076,1909f56bfc062723c751e8b465ee728b)  -> (artifact id: '0b35621d3008c74d09f602579f62cbf9') in 0.190196 seconds
  Import took 0.192150 seconds .

========================================================================
Received Import Request.
  Time since last request: 0.000152 seconds.
  path: Assets/Scenes/SampleScene/ReflectionProbe-0.exr
  artifactKey: Guid(1e5b4af82ec8b1e4a88d71e72de0c82b) Importer(815301076,1909f56bfc062723c751e8b465ee728b)
Start importing Assets/Scenes/SampleScene/ReflectionProbe-0.exr using Guid(1e5b4af82ec8b1e4a88d71e72de0c82b) Importer(815301076,1909f56bfc062723c751e8b465ee728b)  -> (artifact id: '3343f142634e7b8c0399a982a8d36aec') in 0.057372 seconds
  Import took 0.058959 seconds .

========================================================================
Received Import Request.
  Time since last request: 0.000139 seconds.
  path: Assets/Models/Player/Rabbit.png
  artifactKey: Guid(a115996ea1e24a048af5c00b467e463c) Importer(815301076,1909f56bfc062723c751e8b465ee728b)
Start importing Assets/Models/Player/Rabbit.png using Guid(a115996ea1e24a048af5c00b467e463c) Importer(815301076,1909f56bfc062723c751e8b465ee728b)  -> (artifact id: '67a644742221e9888e83aee3f447706b') in 0.019857 seconds
  Import took 0.021458 seconds .

========================================================================
Received Import Request.
  Time since last request: 34.661495 seconds.
  path: Assets/Scripts/Scenario/TransparentObj.cs
  artifactKey: Guid(3a553e5e06ddc7f40b85feae4f227098) Importer(815301076,1909f56bfc062723c751e8b465ee728b)
Start importing Assets/Scripts/Scenario/TransparentObj.cs using Guid(3a553e5e06ddc7f40b85feae4f227098) Importer(815301076,1909f56bfc062723c751e8b465ee728b)  -> (artifact id: '06723c280169f9edef17d2878cbdc4d6') in 0.005796 seconds
  Import took 0.007677 seconds .

========================================================================
Received Import Request.
  Time since last request: 0.000528 seconds.
  path: Assets/Scripts/Scenario/TransparentObj.cs
  artifactKey: Guid(3a553e5e06ddc7f40b85feae4f227098) Importer(815301076,1909f56bfc062723c751e8b465ee728b)
Start importing Assets/Scripts/Scenario/TransparentObj.cs using Guid(3a553e5e06ddc7f40b85feae4f227098) Importer(815301076,1909f56bfc062723c751e8b465ee728b)  -> (artifact id: '06723c280169f9edef17d2878cbdc4d6') in 0.001501 seconds
  Import took 0.003042 seconds .

========================================================================
Received Prepare
Registering precompiled user dll's ...
Registered in 0.000353 seconds.
Begin MonoManager ReloadAssembly
Native extension for WindowsStandalone target not found
Refreshing native plugins compatible for Editor in 0.21 ms, found 0 plugins.
Preloading 0 native plugins for Editor in 0.00 ms.
Mono: successfully reloaded assembly
- Completed reload, in  0.610 seconds
Platform modules already initialized, skipping
Refreshing native plugins compatible for Editor in 0.21 ms, found 0 plugins.
Preloading 0 native plugins for Editor in 0.00 ms.
Unloading 1127 Unused Serialized files (Serialized files now loaded: 0)
System memory in use before: 74.9 MB.
System memory in use after: 75.0 MB.

Unloading 5 unused Assets to reduce memory usage. Loaded Objects now: 1662.
Total: 1.383800 ms (FindLiveObjects: 0.127000 ms CreateObjectMapping: 0.043600 ms MarkObjects: 1.168600 ms  DeleteObjects: 0.043600 ms)

========================================================================
Received Import Request.
  Time since last request: 14.487303 seconds.
  path: Assets/Scripts/Menu/TransitionScript.cs
  artifactKey: Guid(1d0b2e98eba18624a9e39223e38a5ab8) Importer(815301076,1909f56bfc062723c751e8b465ee728b)
Start importing Assets/Scripts/Menu/TransitionScript.cs using Guid(1d0b2e98eba18624a9e39223e38a5ab8) Importer(815301076,1909f56bfc062723c751e8b465ee728b)  -> (artifact id: 'ca313f4ce8311770121c88ff212a90b8') in 0.006433 seconds
  Import took 0.008277 seconds .

========================================================================
Received Import Request.
  Time since last request: 0.021363 seconds.
  path: Assets/Scripts/Menu/TransitionScript.cs
  artifactKey: Guid(1d0b2e98eba18624a9e39223e38a5ab8) Importer(815301076,1909f56bfc062723c751e8b465ee728b)
Start importing Assets/Scripts/Menu/TransitionScript.cs using Guid(1d0b2e98eba18624a9e39223e38a5ab8) Importer(815301076,1909f56bfc062723c751e8b465ee728b)  -> (artifact id: 'ca313f4ce8311770121c88ff212a90b8') in 0.001464 seconds
  Import took 0.003003 seconds .

========================================================================
Received Import Request.
  Time since last request: 34.601001 seconds.
  path: Assets/Scripts/Scenario/PropelerRotation.cs
  artifactKey: Guid(beb1d114e507a0342ac0f9fd6174f1ae) Importer(815301076,1909f56bfc062723c751e8b465ee728b)
Start importing Assets/Scripts/Scenario/PropelerRotation.cs using Guid(beb1d114e507a0342ac0f9fd6174f1ae) Importer(815301076,1909f56bfc062723c751e8b465ee728b)  -> (artifact id: 'c33c85d71face3aee123aa3d34a703b5') in 0.001344 seconds
  Import took 0.003010 seconds .

========================================================================
Received Prepare
Registering precompiled user dll's ...
Registered in 0.000420 seconds.
Begin MonoManager ReloadAssembly
Native extension for WindowsStandalone target not found
Refreshing native plugins compatible for Editor in 0.21 ms, found 0 plugins.
Preloading 0 native plugins for Editor in 0.00 ms.
Mono: successfully reloaded assembly
- Completed reload, in  0.601 seconds
Platform modules already initialized, skipping
Refreshing native plugins compatible for Editor in 0.21 ms, found 0 plugins.
Preloading 0 native plugins for Editor in 0.00 ms.
Unloading 1127 Unused Serialized files (Serialized files now loaded: 0)
System memory in use before: 74.9 MB.
System memory in use after: 75.0 MB.

Unloading 5 unused Assets to reduce memory usage. Loaded Objects now: 1665.
Total: 1.494400 ms (FindLiveObjects: 0.140000 ms CreateObjectMapping: 0.028300 ms MarkObjects: 1.275600 ms  DeleteObjects: 0.049500 ms)

========================================================================
Received Import Request.
  Time since last request: 15.836966 seconds.
  path: Assets/Scripts/Scenario/PropelerRotation.cs
  artifactKey: Guid(beb1d114e507a0342ac0f9fd6174f1ae) Importer(815301076,1909f56bfc062723c751e8b465ee728b)
Start importing Assets/Scripts/Scenario/PropelerRotation.cs using Guid(beb1d114e507a0342ac0f9fd6174f1ae) Importer(815301076,1909f56bfc062723c751e8b465ee728b)  -> (artifact id: 'b5a25c127511d34e8a105efe23558c48') in 0.002955 seconds
  Import took 0.004472 seconds .

========================================================================
Received Import Request.
  Time since last request: 1.615251 seconds.
  path: Assets/_README/relatório de produção.txt
  artifactKey: Guid(ae9ae71cecfa0d149886243f59f6dd15) Importer(815301076,1909f56bfc062723c751e8b465ee728b)
Start importing Assets/_README/relatório de produção.txt using Guid(ae9ae71cecfa0d149886243f59f6dd15) Importer(815301076,1909f56bfc062723c751e8b465ee728b)  -> (artifact id: '1a15866b07dfe96e611efbdc0187d255') in 0.014469 seconds
  Import took 0.016285 seconds .

========================================================================
Received Import Request.
  Time since last request: 0.008797 seconds.
  path: Assets/_README/relatório de produção.txt
  artifactKey: Guid(ae9ae71cecfa0d149886243f59f6dd15) Importer(815301076,1909f56bfc062723c751e8b465ee728b)
Start importing Assets/_README/relatório de produção.txt using Guid(ae9ae71cecfa0d149886243f59f6dd15) Importer(815301076,1909f56bfc062723c751e8b465ee728b)  -> (artifact id: '1a15866b07dfe96e611efbdc0187d255') in 0.001807 seconds
  Import took 0.003394 seconds .

========================================================================
Received Import Request.
  Time since last request: 0.647819 seconds.
  path: Assets/_README/programação.txt
  artifactKey: Guid(b8ed09570cb28bd43861b3063a991c9d) Importer(815301076,1909f56bfc062723c751e8b465ee728b)
Start importing Assets/_README/programação.txt using Guid(b8ed09570cb28bd43861b3063a991c9d) Importer(815301076,1909f56bfc062723c751e8b465ee728b)  -> (artifact id: '08970e801b97a6c05a61737d46cc0a8e') in 0.005209 seconds
  Import took 0.007272 seconds .

========================================================================
Received Import Request.
  Time since last request: 0.018300 seconds.
  path: Assets/_README/programação.txt
  artifactKey: Guid(b8ed09570cb28bd43861b3063a991c9d) Importer(815301076,1909f56bfc062723c751e8b465ee728b)
Start importing Assets/_README/programação.txt using Guid(b8ed09570cb28bd43861b3063a991c9d) Importer(815301076,1909f56bfc062723c751e8b465ee728b)  -> (artifact id: '08970e801b97a6c05a61737d46cc0a8e') in 0.001737 seconds
  Import took 0.003698 seconds .

========================================================================
Received Import Request.
  Time since last request: 74.084493 seconds.
  path: Assets/_README/programação.txt
  artifactKey: Guid(b8ed09570cb28bd43861b3063a991c9d) Importer(815301076,1909f56bfc062723c751e8b465ee728b)
Start importing Assets/_README/programação.txt using Guid(b8ed09570cb28bd43861b3063a991c9d) Importer(815301076,1909f56bfc062723c751e8b465ee728b)  -> (artifact id: '1b2062d365f8d8286e883ce8a6a36b79') in 0.002024 seconds
  Import took 0.003926 seconds .

========================================================================
Received Prepare
Registering precompiled user dll's ...
Registered in 0.000434 seconds.
Begin MonoManager ReloadAssembly
Native extension for WindowsStandalone target not found
Refreshing native plugins compatible for Editor in 0.22 ms, found 0 plugins.
Preloading 0 native plugins for Editor in 0.00 ms.
Mono: successfully reloaded assembly
- Completed reload, in  0.618 seconds
Platform modules already initialized, skipping
Refreshing native plugins compatible for Editor in 0.24 ms, found 0 plugins.
Preloading 0 native plugins for Editor in 0.00 ms.
Unloading 1127 Unused Serialized files (Serialized files now loaded: 0)
System memory in use before: 74.9 MB.
System memory in use after: 75.0 MB.

Unloading 5 unused Assets to reduce memory usage. Loaded Objects now: 1668.
Total: 1.500800 ms (FindLiveObjects: 0.150500 ms CreateObjectMapping: 0.027400 ms MarkObjects: 1.267600 ms  DeleteObjects: 0.054300 ms)

========================================================================
Received Import Request.
  Time since last request: 119.044526 seconds.
  path: Assets/Scripts/Scenario/TransparentObj.cs
  artifactKey: Guid(3a553e5e06ddc7f40b85feae4f227098) Importer(815301076,1909f56bfc062723c751e8b465ee728b)
Start importing Assets/Scripts/Scenario/TransparentObj.cs using Guid(3a553e5e06ddc7f40b85feae4f227098) Importer(815301076,1909f56bfc062723c751e8b465ee728b)  -> (artifact id: 'c201c36c059e844e71650c1bc9a83580') in 0.003038 seconds
  Import took 0.004683 seconds .

========================================================================
Received Prepare
Registering precompiled user dll's ...
Registered in 0.000425 seconds.
Begin MonoManager ReloadAssembly
Native extension for WindowsStandalone target not found
Refreshing native plugins compatible for Editor in 0.22 ms, found 0 plugins.
Preloading 0 native plugins for Editor in 0.00 ms.
Mono: successfully reloaded assembly
- Completed reload, in  0.606 seconds
Platform modules already initialized, skipping
Refreshing native plugins compatible for Editor in 0.23 ms, found 0 plugins.
Preloading 0 native plugins for Editor in 0.00 ms.
Unloading 1127 Unused Serialized files (Serialized files now loaded: 0)
System memory in use before: 74.9 MB.
System memory in use after: 75.0 MB.

Unloading 5 unused Assets to reduce memory usage. Loaded Objects now: 1671.
Total: 1.392300 ms (FindLiveObjects: 0.123100 ms CreateObjectMapping: 0.025900 ms MarkObjects: 1.197400 ms  DeleteObjects: 0.044600 ms)

========================================================================
Received Prepare
Registering precompiled user dll's ...
Registered in 0.000497 seconds.
Begin MonoManager ReloadAssembly
Native extension for WindowsStandalone target not found
Refreshing native plugins compatible for Editor in 0.21 ms, found 0 plugins.
Preloading 0 native plugins for Editor in 0.00 ms.
Mono: successfully reloaded assembly
- Completed reload, in  0.587 seconds
Platform modules already initialized, skipping
Refreshing native plugins compatible for Editor in 0.24 ms, found 0 plugins.
Preloading 0 native plugins for Editor in 0.00 ms.
Unloading 1127 Unused Serialized files (Serialized files now loaded: 0)
System memory in use before: 74.9 MB.
System memory in use after: 75.0 MB.

Unloading 5 unused Assets to reduce memory usage. Loaded Objects now: 1674.
Total: 1.530500 ms (FindLiveObjects: 0.143400 ms CreateObjectMapping: 0.025400 ms MarkObjects: 1.300800 ms  DeleteObjects: 0.060100 ms)

========================================================================
Received Prepare
Registering precompiled user dll's ...
Registered in 0.000478 seconds.
Begin MonoManager ReloadAssembly
Native extension for WindowsStandalone target not found
Refreshing native plugins compatible for Editor in 0.22 ms, found 0 plugins.
Preloading 0 native plugins for Editor in 0.00 ms.
Mono: successfully reloaded assembly
- Completed reload, in  0.600 seconds
Platform modules already initialized, skipping
Refreshing native plugins compatible for Editor in 0.22 ms, found 0 plugins.
Preloading 0 native plugins for Editor in 0.00 ms.
Unloading 1127 Unused Serialized files (Serialized files now loaded: 0)
System memory in use before: 74.9 MB.
System memory in use after: 75.0 MB.

Unloading 5 unused Assets to reduce memory usage. Loaded Objects now: 1677.
Total: 1.435000 ms (FindLiveObjects: 0.128700 ms CreateObjectMapping: 0.040200 ms MarkObjects: 1.218200 ms  DeleteObjects: 0.046800 ms)

========================================================================
Received Prepare
Registering precompiled user dll's ...
Registered in 0.000349 seconds.
Begin MonoManager ReloadAssembly
Native extension for WindowsStandalone target not found
Refreshing native plugins compatible for Editor in 0.23 ms, found 0 plugins.
Preloading 0 native plugins for Editor in 0.00 ms.
Mono: successfully reloaded assembly
- Completed reload, in  0.595 seconds
Platform modules already initialized, skipping
Refreshing native plugins compatible for Editor in 0.21 ms, found 0 plugins.
Preloading 0 native plugins for Editor in 0.00 ms.
Unloading 1127 Unused Serialized files (Serialized files now loaded: 0)
System memory in use before: 74.9 MB.
System memory in use after: 75.0 MB.

Unloading 5 unused Assets to reduce memory usage. Loaded Objects now: 1680.
Total: 1.501600 ms (FindLiveObjects: 0.145600 ms CreateObjectMapping: 0.026600 ms MarkObjects: 1.279900 ms  DeleteObjects: 0.048600 ms)

========================================================================
Received Import Request.
  Time since last request: 264.011761 seconds.
  path: Assets/Scripts/Scenario/TransparentObj.cs
  artifactKey: Guid(3a553e5e06ddc7f40b85feae4f227098) Importer(815301076,1909f56bfc062723c751e8b465ee728b)
Start importing Assets/Scripts/Scenario/TransparentObj.cs using Guid(3a553e5e06ddc7f40b85feae4f227098) Importer(815301076,1909f56bfc062723c751e8b465ee728b)  -> (artifact id: '89dba0a77b4371a4ded90e7d951d36ba') in 0.003144 seconds
  Import took 0.004900 seconds .

========================================================================
Received Prepare
Registering precompiled user dll's ...
Registered in 0.000408 seconds.
Begin MonoManager ReloadAssembly
Native extension for WindowsStandalone target not found
Refreshing native plugins compatible for Editor in 0.22 ms, found 0 plugins.
Preloading 0 native plugins for Editor in 0.00 ms.
Mono: successfully reloaded assembly
- Completed reload, in  0.596 seconds
Platform modules already initialized, skipping
Refreshing native plugins compatible for Editor in 0.21 ms, found 0 plugins.
Preloading 0 native plugins for Editor in 0.00 ms.
Unloading 1126 Unused Serialized files (Serialized files now loaded: 0)
System memory in use before: 74.9 MB.
System memory in use after: 75.0 MB.

Unloading 6 unused Assets to reduce memory usage. Loaded Objects now: 1682.
Total: 1.368200 ms (FindLiveObjects: 0.122700 ms CreateObjectMapping: 0.027100 ms MarkObjects: 1.171600 ms  DeleteObjects: 0.046000 ms)

========================================================================
Received Import Request.
  Time since last request: 6.000270 seconds.
  path: Assets/_README/programação.txt
  artifactKey: Guid(b8ed09570cb28bd43861b3063a991c9d) Importer(815301076,1909f56bfc062723c751e8b465ee728b)
Start importing Assets/_README/programação.txt using Guid(b8ed09570cb28bd43861b3063a991c9d) Importer(815301076,1909f56bfc062723c751e8b465ee728b)  -> (artifact id: '9d469eba721636540454d8eaadc268d1') in 0.012091 seconds
  Import took 0.013885 seconds .

========================================================================
Received Import Request.
  Time since last request: 0.013946 seconds.
  path: Assets/_README/programação.txt
  artifactKey: Guid(b8ed09570cb28bd43861b3063a991c9d) Importer(815301076,1909f56bfc062723c751e8b465ee728b)
Start importing Assets/_README/programação.txt using Guid(b8ed09570cb28bd43861b3063a991c9d) Importer(815301076,1909f56bfc062723c751e8b465ee728b)  -> (artifact id: '9d469eba721636540454d8eaadc268d1') in 0.001544 seconds
  Import took 0.003084 seconds .

========================================================================
Received Import Request.
  Time since last request: 0.557308 seconds.
  path: Assets/_README/relatório de produção.txt
  artifactKey: Guid(ae9ae71cecfa0d149886243f59f6dd15) Importer(815301076,1909f56bfc062723c751e8b465ee728b)
Start importing Assets/_README/relatório de produção.txt using Guid(ae9ae71cecfa0d149886243f59f6dd15) Importer(815301076,1909f56bfc062723c751e8b465ee728b)  -> (artifact id: '07bb4a65a7683a1cd59182da7a99725d') in 0.001693 seconds
  Import took 0.003255 seconds .

========================================================================
Received Import Request.
  Time since last request: 5.066540 seconds.
  path: Assets/_README/relatório de produção.txt
  artifactKey: Guid(ae9ae71cecfa0d149886243f59f6dd15) Importer(815301076,1909f56bfc062723c751e8b465ee728b)
Start importing Assets/_README/relatório de produção.txt using Guid(ae9ae71cecfa0d149886243f59f6dd15) Importer(815301076,1909f56bfc062723c751e8b465ee728b)  -> (artifact id: 'c8bd4b98d1e5965ffbe618334f77dda2') in 0.001712 seconds
  Import took 0.003341 seconds .

========================================================================
Received Import Request.
  Time since last request: 69.894376 seconds.
  path: Assets/Models/Level1_Objs/mat_acid.mat
  artifactKey: Guid(e0ba7eeb9a593c844b001b0694cdf7f5) Importer(815301076,1909f56bfc062723c751e8b465ee728b)
Start importing Assets/Models/Level1_Objs/mat_acid.mat using Guid(e0ba7eeb9a593c844b001b0694cdf7f5) Importer(815301076,1909f56bfc062723c751e8b465ee728b)  -> (artifact id: 'f42c26355cb0128ee39bcb92442896d4') in 0.042192 seconds
  Import took 0.044032 seconds .

========================================================================
Received Import Request.
  Time since last request: 0.000158 seconds.
  path: Assets/Models/Level1_Objs/mat_becker.mat
  artifactKey: Guid(c379ba7ed9eab344a9e36a3c4fe273b4) Importer(815301076,1909f56bfc062723c751e8b465ee728b)
Start importing Assets/Models/Level1_Objs/mat_becker.mat using Guid(c379ba7ed9eab344a9e36a3c4fe273b4) Importer(815301076,1909f56bfc062723c751e8b465ee728b)  -> (artifact id: '6c9b514763f5eb89bd29f4c63a02cf7d') in 0.008477 seconds
  Import took 0.010043 seconds .

========================================================================
Received Prepare
Registering precompiled user dll's ...
Registered in 0.000413 seconds.
Begin MonoManager ReloadAssembly
Native extension for WindowsStandalone target not found
Refreshing native plugins compatible for Editor in 0.22 ms, found 0 plugins.
Preloading 0 native plugins for Editor in 0.00 ms.
Mono: successfully reloaded assembly
- Completed reload, in  0.614 seconds
Platform modules already initialized, skipping
Refreshing native plugins compatible for Editor in 0.21 ms, found 0 plugins.
Preloading 0 native plugins for Editor in 0.00 ms.
Unloading 1126 Unused Serialized files (Serialized files now loaded: 0)
System memory in use before: 74.9 MB.
System memory in use after: 75.0 MB.

Unloading 5 unused Assets to reduce memory usage. Loaded Objects now: 1686.
Total: 1.558200 ms (FindLiveObjects: 0.149800 ms CreateObjectMapping: 0.028100 ms MarkObjects: 1.329700 ms  DeleteObjects: 0.049800 ms)

========================================================================
Received Import Request.
  Time since last request: 348.445415 seconds.
  path: Assets/Resources
  artifactKey: Guid(8bab9d2b0576d4d448dd8dc137bc6a5b) Importer(815301076,1909f56bfc062723c751e8b465ee728b)
Start importing Assets/Resources using Guid(8bab9d2b0576d4d448dd8dc137bc6a5b) Importer(815301076,1909f56bfc062723c751e8b465ee728b)  -> (artifact id: 'dd5e7e708fc9d8d08a3179581a8c79cf') in 0.006818 seconds
  Import took 0.008632 seconds .

========================================================================
Received Import Request.
  Time since last request: 2.512399 seconds.
  path: Assets/Prefab/GameEssentials.prefab
  artifactKey: Guid(27c5ab9dc9422a448aa12dc17537b62e) Importer(815301076,1909f56bfc062723c751e8b465ee728b)
Start importing Assets/Prefab/GameEssentials.prefab using Guid(27c5ab9dc9422a448aa12dc17537b62e) Importer(815301076,1909f56bfc062723c751e8b465ee728b)  -> (artifact id: 'a5c1a468f2722290bcf9709deb690238') in 0.129181 seconds
  Import took 0.131683 seconds .

========================================================================
Received Import Request.
  Time since last request: 0.907201 seconds.
  path: Assets/Prefab/Stage1
  artifactKey: Guid(ea383c16dfbaf7145bb35a01478d1673) Importer(815301076,1909f56bfc062723c751e8b465ee728b)
Start importing Assets/Prefab/Stage1 using Guid(ea383c16dfbaf7145bb35a01478d1673) Importer(815301076,1909f56bfc062723c751e8b465ee728b)  -> (artifact id: '9bdbc2ea11a4bc8ffe844f8e430ab7be') in 0.005496 seconds
  Import took 0.007362 seconds .

========================================================================
Received Import Request.
  Time since last request: 0.029725 seconds.
  path: Assets/Prefab/Stage1/KeyPickup.prefab
  artifactKey: Guid(5df14ab81c3bbe748bf1c9fc92c2aad1) Importer(815301076,1909f56bfc062723c751e8b465ee728b)
Start importing Assets/Prefab/Stage1/KeyPickup.prefab using Guid(5df14ab81c3bbe748bf1c9fc92c2aad1) Importer(815301076,1909f56bfc062723c751e8b465ee728b)  -> (artifact id: '84a98c7b5804fb19aabb0c11c74bb257') in 0.010278 seconds
  Import took 0.012258 seconds .

========================================================================
Received Import Request.
  Time since last request: 0.000154 seconds.
  path: Assets/Prefab/Stage1/MagnetPickup.prefab
  artifactKey: Guid(29b0a1bee1545f244b7256615ed51160) Importer(815301076,1909f56bfc062723c751e8b465ee728b)
Start importing Assets/Prefab/Stage1/MagnetPickup.prefab using Guid(29b0a1bee1545f244b7256615ed51160) Importer(815301076,1909f56bfc062723c751e8b465ee728b)  -> (artifact id: '5f1e39526a3408bba87940d92778eca9') in 0.012362 seconds
  Import took 0.014087 seconds .

========================================================================
Received Import Request.
  Time since last request: 0.003212 seconds.
  path: Assets/Prefab/Stage1/MagnetPickup.prefab
  artifactKey: Guid(29b0a1bee1545f244b7256615ed51160) Importer(815301076,1909f56bfc062723c751e8b465ee728b)
Start importing Assets/Prefab/Stage1/MagnetPickup.prefab using Guid(29b0a1bee1545f244b7256615ed51160) Importer(815301076,1909f56bfc062723c751e8b465ee728b)  -> (artifact id: '5f1e39526a3408bba87940d92778eca9') in 0.005055 seconds
  Import took 0.006817 seconds .

========================================================================
Received Import Request.
  Time since last request: 4.634186 seconds.
  path: Assets/Prefab/Stage1/acid_becker.prefab
  artifactKey: Guid(f907fcde649d9954f93b3fd2aba3d590) Importer(815301076,1909f56bfc062723c751e8b465ee728b)
Start importing Assets/Prefab/Stage1/acid_becker.prefab using Guid(f907fcde649d9954f93b3fd2aba3d590) Importer(815301076,1909f56bfc062723c751e8b465ee728b)  -> (artifact id: 'c2a80cc4e8c55c40744147edfc7d007c') in 0.009386 seconds
  Import took 0.011415 seconds .

========================================================================
Received Import Request.
  Time since last request: 89.323529 seconds.
  path: Assets/Prefab/Stage1/droneAsset.prefab
  artifactKey: Guid(2f7000cef9f8c104995756d438365483) Importer(815301076,1909f56bfc062723c751e8b465ee728b)
Start importing Assets/Prefab/Stage1/droneAsset.prefab using Guid(2f7000cef9f8c104995756d438365483) Importer(815301076,1909f56bfc062723c751e8b465ee728b)  -> (artifact id: '4e8cf41db6eaa78140ab10cbe387e0cf') in 0.011940 seconds
  Import took 0.014122 seconds .

AssetImportWorkerClient::OnTransportError - code=2 error=End of file
